<?xml version="1.0" encoding="UTF-8"?>
<!-- Generated by org.testng.reporters.JUnitReportReporter -->
<testsuite hostname="DESKTOP-PT7ORMM" failures="0" tests="1" name="com.testCases.FacebookTestCase" time="7.642" errors="0" timestamp="21 Mar 2021 18:52:41 GMT" skipped="0">
  <testcase classname="com.testCases.FacebookTestCase" name="facebookTC1" time="7.642"/>
</testsuite> <!-- com.testCases.FacebookTestCase -->
