<?xml version="1.0" encoding="UTF-8"?>
<!-- Generated by org.testng.reporters.JUnitReportReporter -->
<testsuite hostname="DESKTOP-PT7ORMM" failures="0" tests="1" name="com.GmailtestCases.FacebookTestCase" time="14.972" errors="0" timestamp="23 Feb 2020 17:48:43 GMT" skipped="0">
  <testcase classname="com.GmailtestCases.FacebookTestCase" name="facebookTC1" time="14.972"/>
</testsuite> <!-- com.GmailtestCases.FacebookTestCase -->
